Arguments: 
  /usr/local/bin/node /usr/local/bin/yarn init

PATH: 
  /usr/local/opt/icu4c/sbin:/usr/local/opt/icu4c/bin:/Library/Java/JavaVirtualMachines/jdk-10.0.1.jdk/Contents/Home/bin:/usr/local/maven-3.5.4/bin:/Users/charlie/anaconda2/bin:/Library/Frameworks/Python.framework/Versions/3.6/bin:/usr/local/bin:/usr/bin:/bin:/usr/sbin:/sbin:/usr/local/share/dotnet:/opt/X11/bin:~/.dotnet/tools:/Library/Frameworks/Mono.framework/Versions/Current/Commands:/Applications/Wireshark.app/Contents/MacOS:/usr/local/opt/icu4c/sbin:/usr/local/opt/icu4c/bin:/Users/charlie/anaconda2/bin:/Library/Frameworks/Python.framework/Versions/3.6/bin:/Users/charlie/Library/Android/sdk/emulator:/Users/charlie/Library/Android/sdk/tools:/Users/charlie/Library/Android/sdk/tools/bin:/Users/charlie/Library/Android/sdk/platform-tools:/Users/charlie/Library/Android/sdk/emulator:/Users/charlie/Library/Android/sdk/tools:/Users/charlie/Library/Android/sdk/tools/bin:/Users/charlie/Library/Android/sdk/platform-tools:/Users/charlie/Library/Android/sdk/tools:/Users/charlie/Library/Android/sdk/platform-tools

Yarn version: 
  1.17.3

Node version: 
  10.16.3

Platform: 
  darwin x64

Trace: 
  Error: canceled
      at Interface.<anonymous> (/usr/local/lib/node_modules/yarn/lib/cli.js:136724:13)
      at Interface.emit (events.js:198:13)
      at Interface._ttyWrite (readline.js:801:16)
      at ReadStream.onkeypress (readline.js:184:10)
      at ReadStream.emit (events.js:198:13)
      at emitKeys (internal/readline.js:424:14)
      at emitKeys.next (<anonymous>)
      at ReadStream.onData (readline.js:1075:36)
      at ReadStream.emit (events.js:198:13)
      at addChunk (_stream_readable.js:288:12)

npm manifest: 
  No manifest

yarn manifest: 
  No manifest

Lockfile: 
  No lockfile
